<?xml version="1.0" encoding="UTF-8"?>
<testsuite xmlns:xsi="http://www.w3.org/2001/XMLSchema-instance" xsi:noNamespaceSchemaLocation="https://maven.apache.org/surefire/maven-surefire-plugin/xsd/surefire-test-report-3.0.xsd" version="3.0" name="learn.Mastery.data.GuestFileRepositoryTest" time="0.2" tests="3" errors="0" skipped="0" failures="0">
  <properties>
[...]
</properties>
  <testcase name="shouldFindAll" classname="learn.Mastery.data.GuestFileRepositoryTest" time="0.084"/>
  <testcase name="shouldFindExistingEmail" classname="learn.Mastery.data.GuestFileRepositoryTest" time="0.008"/>
  <testcase name="shouldNotFindNonExistingEmail" classname="learn.Mastery.data.GuestFileRepositoryTest" time="0.009"/>
</testsuite>